Sat, 11 Aug 2018 07:23:50 GMT express-session deprecated undefined resave option; provide resave option at backend/app.js:26:9
Sat, 11 Aug 2018 07:23:50 GMT express-session deprecated undefined saveUninitialized option; provide saveUninitialized option at backend/app.js:26:9
poort3000
port3000
(node:2020) DeprecationWarning: current URL string parser is deprecated, and will be removed in a future version. To use the new parser, pass option { useNewUrlParser: true } to MongoClient.connect.
{ address: '::', family: 'IPv6', port: 3000 }
port 3000
connected to database
undefined
2018-08-11T07:24:50.580Z
[ { _id: 5b6a9603b051571d08576638,
    title: 'Repeat',
    description: 'REPEAT',
    startDate: 2018-08-07T07:05:00.000Z,
    remainderType: 'Repeat',
    endDate: 2018-08-08T07:07:00.000Z,
    userId: 5b6a85c08664780ef9c2431b,
    __v: 0 },
  { _id: 5b6a9689b051571d08576639,
    title: 'NAI CHLNA',
    description: '123',
    startDate: 2018-08-07T07:08:00.000Z,
    remainderType: 'Repeat',
    endDate: 2018-08-08T07:06:00.000Z,
    userId: 5b6a85c08664780ef9c2431b,
    __v: 0 },
  { _id: 5b6af6426e04f257a0b2bf78,
    title: 'gauravJAI HO',
    description: 'sad',
    startDate: 2018-08-08T05:58:13.000Z,
    remainderType: 'Repeat',
    endDate: 2018-08-11T05:56:13.000Z,
    userId: 5b6a9782b051571d0857663a,
    __v: 0 },
  { _id: 5b6bc7e5f7a1680bb6bda68d,
    title: 'shoukldRUN',
    description: 'sad',
    startDate: 2018-08-09T04:49:28.976Z,
    remainderType: 'Repeat',
    endDate: 2018-08-09T04:49:28.976Z,
    userId: 5b6a9782b051571d0857663a,
    __v: 0 },
  { _id: 5b6bc95c3eb9820df2ff1d8f,
    title: 'HIMANI',
    description: 'asdasdasdasd',
    startDate: 2018-08-09T04:55:25.000Z,
    remainderType: 'Repeat',
    endDate: 2018-08-24T04:55:25.000Z,
    userId: 5b6a9782b051571d0857663a,
    __v: 0 } ]
(node:2020) [DEP0079] DeprecationWarning: Custom inspection function on Objects via .inspect() is deprecated
2018-08-11T07:25:50.584Z
[ { _id: 5b6a9603b051571d08576638,
    title: 'Repeat',
    description: 'REPEAT',
    startDate: 2018-08-07T07:05:00.000Z,
    remainderType: 'Repeat',
    endDate: 2018-08-08T07:07:00.000Z,
    userId: 5b6a85c08664780ef9c2431b,
    __v: 0 },
  { _id: 5b6a9689b051571d08576639,
    title: 'NAI CHLNA',
    description: '123',
    startDate: 2018-08-07T07:08:00.000Z,
    remainderType: 'Repeat',
    endDate: 2018-08-08T07:06:00.000Z,
    userId: 5b6a85c08664780ef9c2431b,
    __v: 0 },
  { _id: 5b6af6426e04f257a0b2bf78,
    title: 'gauravJAI HO',
    description: 'sad',
    startDate: 2018-08-08T05:58:13.000Z,
    remainderType: 'Repeat',
    endDate: 2018-08-11T05:56:13.000Z,
    userId: 5b6a9782b051571d0857663a,
    __v: 0 },
  { _id: 5b6bc7e5f7a1680bb6bda68d,
    title: 'shoukldRUN',
    description: 'sad',
    startDate: 2018-08-09T04:49:28.976Z,
    remainderType: 'Repeat',
    endDate: 2018-08-09T04:49:28.976Z,
    userId: 5b6a9782b051571d0857663a,
    __v: 0 },
  { _id: 5b6bc95c3eb9820df2ff1d8f,
    title: 'HIMANI',
    description: 'asdasdasdasd',
    startDate: 2018-08-09T04:55:25.000Z,
    remainderType: 'Repeat',
    endDate: 2018-08-24T04:55:25.000Z,
    userId: 5b6a9782b051571d0857663a,
    __v: 0 } ]
2018-08-11T07:26:50.586Z
[ { _id: 5b6a9603b051571d08576638,
    title: 'Repeat',
    description: 'REPEAT',
    startDate: 2018-08-07T07:05:00.000Z,
    remainderType: 'Repeat',
    endDate: 2018-08-08T07:07:00.000Z,
    userId: 5b6a85c08664780ef9c2431b,
    __v: 0 },
  { _id: 5b6a9689b051571d08576639,
    title: 'NAI CHLNA',
    description: '123',
    startDate: 2018-08-07T07:08:00.000Z,
    remainderType: 'Repeat',
    endDate: 2018-08-08T07:06:00.000Z,
    userId: 5b6a85c08664780ef9c2431b,
    __v: 0 },
  { _id: 5b6af6426e04f257a0b2bf78,
    title: 'gauravJAI HO',
    description: 'sad',
    startDate: 2018-08-08T05:58:13.000Z,
    remainderType: 'Repeat',
    endDate: 2018-08-11T05:56:13.000Z,
    userId: 5b6a9782b051571d0857663a,
    __v: 0 },
  { _id: 5b6bc7e5f7a1680bb6bda68d,
    title: 'shoukldRUN',
    description: 'sad',
    startDate: 2018-08-09T04:49:28.976Z,
    remainderType: 'Repeat',
    endDate: 2018-08-09T04:49:28.976Z,
    userId: 5b6a9782b051571d0857663a,
    __v: 0 },
  { _id: 5b6bc95c3eb9820df2ff1d8f,
    title: 'HIMANI',
    description: 'asdasdasdasd',
    startDate: 2018-08-09T04:55:25.000Z,
    remainderType: 'Repeat',
    endDate: 2018-08-24T04:55:25.000Z,
    userId: 5b6a9782b051571d0857663a,
    __v: 0 } ]
2018-08-11T07:27:50.590Z
[ { _id: 5b6a9603b051571d08576638,
    title: 'Repeat',
    description: 'REPEAT',
    startDate: 2018-08-07T07:05:00.000Z,
    remainderType: 'Repeat',
    endDate: 2018-08-08T07:07:00.000Z,
    userId: 5b6a85c08664780ef9c2431b,
    __v: 0 },
  { _id: 5b6a9689b051571d08576639,
    title: 'NAI CHLNA',
    description: '123',
    startDate: 2018-08-07T07:08:00.000Z,
    remainderType: 'Repeat',
    endDate: 2018-08-08T07:06:00.000Z,
    userId: 5b6a85c08664780ef9c2431b,
    __v: 0 },
  { _id: 5b6af6426e04f257a0b2bf78,
    title: 'gauravJAI HO',
    description: 'sad',
    startDate: 2018-08-08T05:58:13.000Z,
    remainderType: 'Repeat',
    endDate: 2018-08-11T05:56:13.000Z,
    userId: 5b6a9782b051571d0857663a,
    __v: 0 },
  { _id: 5b6bc7e5f7a1680bb6bda68d,
    title: 'shoukldRUN',
    description: 'sad',
    startDate: 2018-08-09T04:49:28.976Z,
    remainderType: 'Repeat',
    endDate: 2018-08-09T04:49:28.976Z,
    userId: 5b6a9782b051571d0857663a,
    __v: 0 },
  { _id: 5b6bc95c3eb9820df2ff1d8f,
    title: 'HIMANI',
    description: 'asdasdasdasd',
    startDate: 2018-08-09T04:55:25.000Z,
    remainderType: 'Repeat',
    endDate: 2018-08-24T04:55:25.000Z,
    userId: 5b6a9782b051571d0857663a,
    __v: 0 } ]
2018-08-11T07:28:50.590Z
[ { _id: 5b6a9603b051571d08576638,
    title: 'Repeat',
    description: 'REPEAT',
    startDate: 2018-08-07T07:05:00.000Z,
    remainderType: 'Repeat',
    endDate: 2018-08-08T07:07:00.000Z,
    userId: 5b6a85c08664780ef9c2431b,
    __v: 0 },
  { _id: 5b6a9689b051571d08576639,
    title: 'NAI CHLNA',
    description: '123',
    startDate: 2018-08-07T07:08:00.000Z,
    remainderType: 'Repeat',
    endDate: 2018-08-08T07:06:00.000Z,
    userId: 5b6a85c08664780ef9c2431b,
    __v: 0 },
  { _id: 5b6af6426e04f257a0b2bf78,
    title: 'gauravJAI HO',
    description: 'sad',
    startDate: 2018-08-08T05:58:13.000Z,
    remainderType: 'Repeat',
    endDate: 2018-08-11T05:56:13.000Z,
    userId: 5b6a9782b051571d0857663a,
    __v: 0 },
  { _id: 5b6bc7e5f7a1680bb6bda68d,
    title: 'shoukldRUN',
    description: 'sad',
    startDate: 2018-08-09T04:49:28.976Z,
    remainderType: 'Repeat',
    endDate: 2018-08-09T04:49:28.976Z,
    userId: 5b6a9782b051571d0857663a,
    __v: 0 },
  { _id: 5b6bc95c3eb9820df2ff1d8f,
    title: 'HIMANI',
    description: 'asdasdasdasd',
    startDate: 2018-08-09T04:55:25.000Z,
    remainderType: 'Repeat',
    endDate: 2018-08-24T04:55:25.000Z,
    userId: 5b6a9782b051571d0857663a,
    __v: 0 } ]
